
**** Build of configuration Debug for project joe ****

"C:\\ti\\ccsv7\\utils\\bin\\gmake" -k -j 4 all -O 
making ../src/sysbios/sysbios.aem4f ...
gmake[1]: Nothing to be done for 'all'.
'Building file: ../empty.c'
'Invoking: ARM Compiler'
"C:/ti/ccsv7/tools/compiler/ti-cgt-arm_16.9.3.LTS/bin/armcl" -mv7M4 --code_state=16 --float_support=FPv4SPD16 -me --include_path="C:/Users/Alamin_Bird/Documents/CCS_SeniorDesign/joe" --include_path="C:/Users/Alamin_Bird/Documents/CCS_SeniorDesign/joe" --include_path="C:/ti/tirtos_tivac_2_16_01_14/products/TivaWare_C_Series-2.1.1.71b" --include_path="C:/ti/tirtos_tivac_2_16_01_14/products/bios_6_45_02_31/packages/ti/sysbios/posix" --include_path="C:/ti/ccsv7/tools/compiler/ti-cgt-arm_16.9.3.LTS/include" --define=ccs="ccs" --define=PART_TM4C123GH6PM --define=ccs --define=TIVAWARE -g --gcc --diag_warning=225 --diag_warning=255 --diag_wrap=off --display_error_number --gen_func_subsections=on --abi=eabi --preproc_with_compile --preproc_dependency="empty.d" --cmd_file="configPkg/compiler.opt" "../empty.c"
"../empty.c", line 606: warning #112-D: statement is unreachable
'Finished building: ../empty.c'
' '
making ../src/sysbios/sysbios.aem4f ...
gmake[2]: Nothing to be done for 'all'.
'Building target: joe.out'
'Invoking: ARM Linker'
"C:/ti/ccsv7/tools/compiler/ti-cgt-arm_16.9.3.LTS/bin/armcl" -mv7M4 --code_state=16 --float_support=FPv4SPD16 -me --define=ccs="ccs" --define=PART_TM4C123GH6PM --define=ccs --define=TIVAWARE -g --gcc --diag_warning=225 --diag_warning=255 --diag_wrap=off --display_error_number --gen_func_subsections=on --abi=eabi -z -m"joe.map" --heap_size=0 --stack_size=512 -i"C:/ti/ccsv7/tools/compiler/ti-cgt-arm_16.9.3.LTS/lib" -i"C:/ti/ccsv7/tools/compiler/ti-cgt-arm_16.9.3.LTS/include" --reread_libs --diag_wrap=off --display_error_number --warn_sections --xml_link_info="joe_linkInfo.xml" --rom_model -o "joe.out" "./EK_TM4C123GXL.obj" "./empty.obj" "../EK_TM4C123GXL.cmd" -l"configPkg/linker.cmd" -l"C:/ti/tirtos_tivac_2_16_01_14/products/TivaWare_C_Series-2.1.1.71b/grlib/ccs/Debug/grlib.lib" -l"C:/ti/tirtos_tivac_2_16_01_14/products/TivaWare_C_Series-2.1.1.71b/usblib/ccs/Debug/usblib.lib" -l"C:/ti/tirtos_tivac_2_16_01_14/products/TivaWare_C_Series-2.1.1.71b/driverlib/ccs/Debug/driverlib.lib" -llibc.a 
<Linking>

 undefined       first referenced
  symbol             in file     
 ---------       ----------------
 UARTStdioConfig ./empty.obj     
 UARTgets        ./empty.obj     
 UARTprintf      ./empty.obj     

error #10234-D: unresolved symbols remain
error #10010: errors encountered during linking; "joe.out" not built

>> Compilation failure
makefile:145: recipe for target 'joe.out' failed
gmake[1]: *** [joe.out] Error 1
makefile:141: recipe for target 'all' failed
gmake: *** [all] Error 2

**** Build Finished ****
